<?xml version="1.0" encoding="UTF-8"?>
<testsuite name="uk.gov.reng.metrics.config.ConfigurationTest" tests="4" skipped="0" failures="0" errors="0" timestamp="2018-02-12T10:56:08" hostname="GDS5707-JM.local" time="0.871">
  <properties/>
  <testcase name="setDefaultValues" classname="uk.gov.reng.metrics.config.ConfigurationTest" time="0.177"/>
  <testcase name="getApplicationIdFromEnv" classname="uk.gov.reng.metrics.config.ConfigurationTest" time="0.632"/>
  <testcase name="getPrometheusMetricsPathFromEnv" classname="uk.gov.reng.metrics.config.ConfigurationTest" time="0.031"/>
  <testcase name="checkIfAuthorizationIsEnabled" classname="uk.gov.reng.metrics.config.ConfigurationTest" time="0.028"/>
  <system-out><![CDATA[]]></system-out>
  <system-err><![CDATA[]]></system-err>
</testsuite>
