<?xml version="1.0" encoding="UTF-8"?>
<testsuite name="uk.gov.reng.metrics.filter.AuthenticationFilterTest" tests="4" skipped="0" failures="0" errors="0" timestamp="2018-02-12T10:56:09" hostname="GDS5707-JM.local" time="0.615">
  <properties/>
  <testcase name="notRelevantPath" classname="uk.gov.reng.metrics.filter.AuthenticationFilterTest" time="0.603"/>
  <testcase name="relevantPathAndAuthDisabled" classname="uk.gov.reng.metrics.filter.AuthenticationFilterTest" time="0.002"/>
  <testcase name="relevantPathAndAuthEnabledWithWrongToken" classname="uk.gov.reng.metrics.filter.AuthenticationFilterTest" time="0.006"/>
  <testcase name="relevantPathAndAuthEnabledWithCorrectToken" classname="uk.gov.reng.metrics.filter.AuthenticationFilterTest" time="0.002"/>
  <system-out><![CDATA[]]></system-out>
  <system-err><![CDATA[]]></system-err>
</testsuite>
